{"name": "test_login_valid", "status": "failed", "statusDetails": {"message": "AssertionError: Page URL expected to be 'https://hocvancokimngan.com/login'\nActual value: https://hocvancokimngan.com/login/ \nCall log:\n  - Expect \"to_have_url\" with timeout 5000ms\n    9 × unexpected value \"https://hocvancokimngan.com/login/\"", "trace": "page = <Page url='https://hocvancokimngan.com/login/'>, test_users = {'editor': {'email': 'editor@example.com', 'password': 'P@ssw0rd'}, 'viewer': {'email': 'viewer@example.com', 'password': 'P@ssw0rd'}}\n\n    @pytest.mark.ui\n    @pytest.mark.auth\n    @pytest.mark.smoke\n    @allure.feature(\"Auth\")\n    @allure.story(\"Login\")\n    def test_login_valid(page, test_users):\n>       AuthPage(page).goto_login().expect_dashboard()\n\ntests\\auth\\test_login_valid.py:11: \n_ _ _ _ _ _ _ _ _ _ _ _ _ _ _ _ _ _ _ _ _ _ _ _ _ _ _ _ _ _ _ _ _ _ _ _ _ _ _ _ _ _ _ _ _ _ _ _ _ _ _ _ _ _ _ _ _ _ _ _ _ _ _ _ _ _ _ _ _ _ _ _ _ _ _ _ _ _ _ _ _ _ _ _ _ _ _ _ _ _ _ _ _ _ _ _ _ _ _ _ _ _ _ _ _ _ _ _ _ _ _ _ \n\nself = <pages.auth_page.AuthPage object at 0x000001E441F64B00>\n\n    @allure.step(\"Goto Login\")\n    def goto_login(self):\n        self.visit(\"/\")\n        self.page.get_by_role(\"link\", name=self.LOGIN_LINK, exact=True).click()\n>       expect(self.page).to_have_url(\"/login\")\nE       AssertionError: Page URL expected to be 'https://hocvancokimngan.com/login'\nE       Actual value: https://hocvancokimngan.com/login/ \nE       Call log:\nE         - Expect \"to_have_url\" with timeout 5000ms\nE           9 × unexpected value \"https://hocvancokimngan.com/login/\"\n\npages\\auth_page.py:28: AssertionError"}, "steps": [{"name": "Goto Login", "status": "failed", "statusDetails": {"message": "AssertionError: Page URL expected to be 'https://hocvancokimngan.com/login'\nActual value: https://hocvancokimngan.com/login/ \nCall log:\n  - Expect \"to_have_url\" with timeout 5000ms\n    9 × unexpected value \"https://hocvancokimngan.com/login/\"\n\n", "trace": "  File \"C:\\Users\\thanh\\PycharmProjects\\demo_pytest_playwright_web\\.venv\\Lib\\site-packages\\allure_commons\\_allure.py\", line 192, in impl\n    return func(*a, **kw)\n           ^^^^^^^^^^^^^^\n  File \"C:\\Users\\thanh\\PycharmProjects\\demo_pytest_playwright_web\\pages\\auth_page.py\", line 28, in goto_login\n    expect(self.page).to_have_url(\"/login\")\n  File \"C:\\Users\\thanh\\PycharmProjects\\demo_pytest_playwright_web\\.venv\\Lib\\site-packages\\playwright\\sync_api\\_generated.py\", line 19063, in to_have_url\n    self._sync(\n  File \"C:\\Users\\thanh\\PycharmProjects\\demo_pytest_playwright_web\\.venv\\Lib\\site-packages\\playwright\\_impl\\_sync_base.py\", line 115, in _sync\n    return task.result()\n           ^^^^^^^^^^^^^\n  File \"C:\\Users\\thanh\\PycharmProjects\\demo_pytest_playwright_web\\.venv\\Lib\\site-packages\\playwright\\_impl\\_assertions.py\", line 145, in to_have_url\n    await self._expect_impl(\n  File \"C:\\Users\\thanh\\PycharmProjects\\demo_pytest_playwright_web\\.venv\\Lib\\site-packages\\playwright\\_impl\\_assertions.py\", line 83, in _expect_impl\n    raise AssertionError(\n"}, "start": 1756042589471, "stop": 1756042595860}], "start": 1756042589471, "stop": 1756042595860, "uuid": "b18ec68d-bac6-401f-877e-21740890ec67", "historyId": "f370b6ae400907e33b53daf29861cd3c", "testCaseId": "f370b6ae400907e33b53daf29861cd3c", "fullName": "tests.auth.test_login_valid#test_login_valid", "labels": [{"name": "feature", "value": "Auth"}, {"name": "story", "value": "Login"}, {"name": "tag", "value": "smoke"}, {"name": "tag", "value": "auth"}, {"name": "tag", "value": "ui"}, {"name": "parentSuite", "value": "tests.auth"}, {"name": "suite", "value": "test_login_valid"}, {"name": "host", "value": "Thanh-PC"}, {"name": "thread", "value": "20940-MainThread"}, {"name": "framework", "value": "pytest"}, {"name": "language", "value": "cpython3"}, {"name": "package", "value": "tests.auth.test_login_valid"}]}